<?xml version="1.0" encoding="UTF-8"?>
<!-- Generated by org.testng.reporters.JUnitReportReporter -->
<testsuite hostname="DESKTOP-OR6VU5V" name="HandlingScroll.TestScrollBy1" tests="1" failures="0" timestamp="3 Aug 2020 17:52:21 GMT" time="18.721" errors="0">
  <testcase name="Test" time="18.721" classname="HandlingScroll.TestScrollBy1"/>
</testsuite> <!-- HandlingScroll.TestScrollBy1 -->
